184
9998 18
64416 53242 93052 17066 23867 7193 32067 97190 14081 73064 85931 63916 85027 34701 865 78073 7541 31316
9997 11
10870 44061 47148 85584 63033 72730 28529 53944 59288 69237 71992
9996 15
83827 85586 43344 67187 46351 53335 74454 37131 6242 6423 92682 50533 31883 78170 45377
9995 17
70893 1518 49403 86369 61205 78727 8124 23844 93756 46238 89542 68726 14391 37631 91767 73596 6524
9994 13
75783 66894 81303 51768 93548 54784 28710 20708 33344 28129 50457 60602 52988
9993 15
79752 63913 72203 55118 71468 14680 46906 49031 44185 27075 19710 45990 13809 36072 44783
9992 16
21906 97315 19245 63811 11896 60898 84675 65697 65970 12834 2448 28487 18310 94642 50037 54487
9991 16
19210 51502 72860 98864 37 19048 95408 43231 30752 33383 60665 32898 9968 4563 1570 22243
9990 19
78087 97012 90932 95940 4701 87181 12789 91768 86359 15941 18639 68991 97185 73697 75856 74101 84247 66763 65349
9989 10
19518 19744 11994 37255 41493 60722 59460 34117 69340 40136
9988 17
12630 65656 16440 19634 53433 80018 22228 49773 48035 5272 88974 69107 1131 96950 48873 87754 52164
9987 13
13285 49936 98610 98658 74544 58783 54002 8091 26202 76853 51242 45437 55495
9986 14
18829 3996 48586 85635 13568 59227 27290 92716 67087 70134 11635 7492 53312 48409
9985 18
94829 4521 71651 5474 43277 46976 13262 31641 39791 27065 81469 44342 95315 18118 81477 86708 352 35989
9984 19
32827 65749 55113 45974 74962 91754 72798 34198 94149 9593 21147 44706 29999 23974 11821 39137 54516 77724 71598
9983 10
25503 43725 9763 82378 95001 87773 60907 96527 76397 13480
9982 16
73764 26828 99619 36138 18704 73037 92254 93782 8580 88801 86900 42782 6876 560 97201 17891
9981 11
11285 50667 50305 33265 77470 45675 87829 98998 85950 56954 25940
9980 18
29629 65284 26187 13131 90109 95073 64647 75845 71117 7725 18809 76719 27823 67749 65687 62181 678 93626
9979 18
39199 40434 27550 24192 75381 53425 25079 34206 99501 12572 68740 87163 19621 34855 90942 58806 14813 7099
9978 12
74011 55913 76952 33823 88991 95881 56180 91524 81895 18542 34257 43088
9977 16
92433 47123 68248 87676 63775 40856 4094 65820 52412 65125 1364 49485 28429 33970 60396 72965
9976 18
94520 29360 62503 88266 53636 789 56787 13393 94155 91648 21657 87806 46923 71934 28661 70401 56801 80825
9975 13
12838 71752 47748 20251 41564 84934 75546 49879 98346 73261 37935 7047 3270
9974 18
40907 84938 94198 65344 38381 98977 74953 96448 99437 36531 67287 3130 44834 92066 97944 79498 90364 23324
9973 9
29936 36206 96023 27456 90739 13220 64736 50537 39969
9972 13
89228 32106 89694 6953 40970 20484 87287 49225 14160 20289 17692 82972 51730
9971 15
49050 5995 29304 39106 94187 183 43009 1694 16829 25659 96296 49710 24796 43708 77332
9970 9
59529 84975 94432 27143 67604 49813 95464 37977 22242
9969 15
281 54842 81322 68976 51979 72751 95854 11610 99075 45751 52544 37860 44029 21780 18515
9968 16
14120 94569 21363 3208 73626 96894 70904 90427 3367 12361 82102 50967 11920 64034 53414 32977
9967 16
83090 51540 19232 18430 5526 71081 40981 26088 24085 32317 74751 99313 32649 31556 94368 78113
9966 16
7254 97543 47023 51312 37967 25555 43424 96753 53382 2384 4515 91992 54418 66745 49157 94205
9965 11
34402 31691 68053 41978 2615 14381 76869 64248 44731 43646 90631
9964 14
23351 32776 37679 27356 53911 93600 3910 17291 63277 72148 90826 74882 5296 73032
9963 18
9928 23537 13159 3471 55717 11101 34741 54749 51392 35723 32448 27003 47722 99824 66242 74257 13534 1914
9962 19
32814 94146 92955 29450 27352 94676 23354 59462 65389 57707 84389 58369 88430 75876 61263 39096 73156 93742 96903
9961 17
32700 33325 54869 23498 55026 80848 2819 12357 79980 95507 89259 89342 66223 39937 94883 80328 82655
9960 11
10159 62212 64334 51956 19578 72726 54985 6102 90539 87648 81485
9959 12
96191 9752 26480 6915 14715 38560 7285 77174 44815 4214 58183 20609
9958 14
57271 74683 99344 98420 14419 86319 1314 20595 82858 23141 80897 4164 88166 28942
9957 13
84047 81626 42826 11225 8807 72033 99567 94384 66822 25033 95280 54115 77993
9956 12
38387 84525 97509 73679 46911 32066 86895 26478 83481 882 34601 51185
9955 18
68997 57289 33800 14402 83193 47250 79603 91437 11631 25906 95477 59542 48544 32652 34552 81418 51468 73413
9954 12
47005 41442 68841 53316 18434 24599 77371 18951 91260 98565 16593 74355
9953 17
27536 19279 74449 59237 55218 83879 46116 60133 19675 36687 83311 42897 69069 87428 30621 45894 61627
9952 10
98626 23164 10359 86956 88127 96648 43660 92306 84073 50646
9951 19
64155 49895 83863 79279 50703 6896 93979 98805 50730 30746 59129 75166 30497 77165 15113 23612 29724 44718 51430
9950 13
95640 2947 28562 49231 16777 2144 72253 44004 2873 71847 57279 43620 17136
9949 14
96350 85791 96578 73271 1238 83717 81333 71386 27139 83753 69454 18705 19309 28992
9948 11
90758 4624 23869 7578 15301 83858 10231 44866 74943 55894 60007
9947 9
51202 62337 45607 97238 66091 67057 15484 23850 61594
9946 10
93444 37426 91553 73525 40446 60802 3644 8921 14189 66502
9945 14
4135 16504 56229 66456 82077 51500 74099 39850 35303 52417 46780 74190 4118 1608
9944 10
10318 99299 16978 38298 37998 3491 66677 86547 79482 38596
9943 9
87603 40379 29452 98255 55687 29836 86664 81098 99815
9942 12
34801 92340 26131 66376 89284 21151 92963 68696 96408 79194 85910 12038
9941 11
2789 81091 2249 21924 49356 35866 22657 62087 33837 29858 75885
9940 9
97044 60627 34202 76876 25367 93630 67245 94771 84009
9939 14
71248 36622 22615 75717 3656 24064 46159 2578 2810 97962 49566 57793 279 70741
9938 14
25607 27421 96019 99117 73694 85244 12168 20363 65909 14655 54067 5561 35077 30212
9937 18
73695 23664 64210 80087 27017 66338 67641 93406 93171 71638 33274 32255 80626 65351 55483 19533 16797 8300
9936 11
32529 10683 5817 8667 98806 74831 12867 68868 50206 80212 90347
9935 10
66251 87372 1122 69125 16590 90786 22836 19425 4387 95122
9934 13
42785 76048 62769 40644 26078 85896 74498 61475 13865 33290 31611 12599 50954
9933 16
30985 97445 95604 98843 76912 43386 47860 81109 75433 69759 41003 98630 61615 95893 65315 49476
9932 9
91234 83419 21659 52506 53141 95686 49725 83740 97712
9931 8
77884 27343 77000 10131 99481 66129 33918 98582
9930 17
52354 85769 10560 31945 58614 21141 95750 48502 94706 77304 20648 7018 58972 36607 1143 90104 67884
9929 18
72197 46547 10639 64777 78255 62131 37790 28868 17181 30122 4267 35823 91059 13977 43126 22371 58044 48263
9928 12
98796 45226 53 69038 6484 41896 2954 62047 30336 9916 72437 28692
9927 11
75180 15046 30544 6495 79480 74206 25242 62499 6861 79254 62049
9926 18
84581 81947 60582 78372 71798 90990 56215 60362 47992 28125 64989 93284 51440 85636 83446 96756 61502 31119
9925 18
11544 1368 67971 61658 52043 65805 67164 79183 9491 98421 18840 76086 91552 59648 32290 11784 39401 68727
9924 10
83587 93209 90976 87739 79192 57076 3698 67034 11346 73168
9923 18
13489 24032 29856 97093 72372 73896 75140 37342 59906 52952 53462 78867 81253 54496 9711 32353 91828 37657
9922 14
64093 94147 47451 25632 56391 77306 94940 39709 82790 12820 5847 47545 53726 57338
9921 11
96109 5165 51518 31524 3929 49816 44225 42806 70450 96584 76698
9920 11
97151 60820 20236 12708 30969 54354 41378 75967 39268 50686 54218
9919 13
10097 72542 54379 75411 6059 88524 60013 24844 17227 9049 32786 22991 46417
9918 9
47523 71772 83949 79933 63551 61821 27484 49584 14457
9917 11
26075 1228 66164 76395 32467 59759 71217 60850 77235 89780 63004
9916 14
96141 88744 89381 80348 86729 19396 1929 22530 93644 1394 58820 92092 77432 95010
9915 10
62042 58225 82256 98407 76864 13545 1937 33289 29811 30182
9914 12
66272 33981 61357 64613 474 9671 83599 47962 8071 9103 4360 27393
9913 15
93744 26746 73854 11524 74864 34662 79315 86317 96531 49953 44924 27883 5896 54421 6464
9912 18
79645 68980 91102 62952 93984 47993 96759 83713 79899 23490 98213 18644 13991 21817 75490 23192 7623 23022
9911 17
1380 10230 98925 16947 22964 86125 31495 23834 60879 30592 21567 72497 9623 80577 4393 244 35153
9910 14
66884 93810 59231 63854 65676 36877 30943 76814 46506 32962 29210 27326 32944 77649
9909 17
3900 41339 78492 40880 78120 5882 41833 96229 7380 97876 88491 2835 27031 2268 10602 31603 1823
9908 10
58543 36946 88742 81351 80690 35394 41684 93533 59591 57506
9907 11
69750 9982 83400 17966 78210 15926 24346 13976 33879 92934 12893
9906 13
28601 77875 39590 484 59724 94805 80751 11028 42280 10290 51599 21823 23455
9905 11
48023 82949 91172 47237 93246 16747 29270 99679 19094 85301 74140
9904 17
45664 99085 53117 56766 97407 55094 24338 63631 87616 6235 1365 6926 43274 3549 25066 12052 57075
9903 11
99937 28243 83415 15680 57467 21291 88746 14697 6419 59019 95276
9902 15
15058 32469 13055 79649 14892 62886 40081 65836 46754 33833 27041 66026 35010 59636 34067
9901 16
56066 33061 3021 27587 67709 60223 63013 24859 38805 92842 89925 98098 38101 11348 71267 48671
9900 19
27869 25784 51525 84631 56629 41059 80409 90242 84053 97765 92581 87020 25311 73966 61359 71963 41969 41733 84632
9899 15
38117 43684 6734 14382 46712 20726 22209 87520 17751 14623 15968 95372 93401 65399 36491
9898 14
52840 2945 26201 96870 25338 89994 87787 60964 30664 64094 22611 72220 14387 30879
9897 18
17302 47803 98787 90831 82779 97718 90985 91000 33714 27806 76563 90042 46953 36505 2374 13149 28302 49368
9896 12
59598 5848 8172 28821 49364 61914 40084 34972 51150 71693 7590 30933
9895 17
71416 30350 99502 91891 27516 81912 74780 58356 29913 30448 3492 25017 72377 71577 83249 68092 82136
9894 17
79207 28696 75793 22903 46114 31305 9587 45759 91729 65585 7781 13992 18259 7186 99050 53326 36006
9893 18
16837 78310 1727 71005 23290 70781 17701 61085 34049 33494 73210 74732 56815 22948 89762 65727 85696 9759
9892 14
71311 61203 97006 41396 14738 25915 60546 28932 32011 28836 73968 16092 52076 94298
9891 17
99413 14371 39877 25805 22756 24455 5582 30387 2305 12587 73284 61811 57647 21999 94423 38349 29469
9890 10
31260 37089 27013 94092 15422 39202 21962 65578 48606 54247
9889 12
32305 99860 75653 70722 29752 55108 71030 39701 75279 17833 33093 28851
9888 15
52810 87413 39307 489 6384 85297 19900 32783 22021 54268 12358 29457 52937 11607 38227
9887 12
89257 66188 50465 17517 14723 14045 25661 52145 81587 62498 47825 32428
9886 9
22603 9826 94863 41278 79311 77423 51868 98799 78452
9885 10
7901 1382 40691 65803 33649 83013 36720 8359 36366 47178
9884 19
82191 64705 69399 31633 20960 15040 28536 72755 3832 15029 7455 40805 26703 20190 18796 53437 62799 57860 25211
9883 16
75341 94182 49046 96059 97782 36912 43069 71640 46666 38521 98487 6274 83645 17818 83828 39882
9882 10
92736 58055 407 67493 95506 11092 87633 34929 21506 58916
9881 11
58411 77283 56079 28300 79701 99172 69561 81295 29777 94920 82411
9880 9
7240 91957 18267 71004 75514 9624 96292 27620 20255
9879 15
39931 46162 94631 66732 78749 68373 85212 77530 43004 42265 30261 6664 74844 89400 79830
9878 11
74552 16787 85594 58222 24447 20360 57028 99160 83310 37524 47150
9877 14
89664 56536 37248 77664 32506 36518 76573 1822 64132 24314 54157 95719 25646 33803
9876 9
48488 54404 49465 57244 85230 71364 82041 753 38918
9875 13
76052 91355 25113 18393 49855 83136 65001 18221 49560 74664 56147 93027 66807
9874 10
4445 66629 64558 92765 55061 91647 701 28627 20303 31330
9873 19
45056 83456 31850 69151 95099 34943 21049 75357 12600 786 69032 61023 4663 96284 31740 13861 46637 26306 43377
9872 11
86685 91580 4537 46559 60493 56111 85527 42558 32420 47501 51849
9871 12
87836 80393 63085 92079 17117 84703 1601 29061 15552 58231 21955 70576
9870 19
84963 91285 59381 34553 27792 95460 40333 98810 35560 65133 35036 68752 40288 42155 10416 34399 49916 26958 99838
9869 16
56096 35418 50066 69384 44304 61595 65457 26515 80882 76618 51310 18022 202 80279 23921 53310
9868 9
91849 13146 79361 7951 15035 33650 3232 54093 74398
9867 16
15390 67764 74272 77515 86488 89611 39009 47324 22787 74718 80104 67226 49063 37607 4609 93080
9866 17
29136 83322 60370 62003 39032 17896 38044 15118 48961 76335 499 33824 47055 3146 91969 27889 54283
9865 16
13829 79553 29054 56627 11878 70495 86908 76877 99080 20214 22389 93761 94273 51904 52652 76507
9864 19
87077 54616 90037 43488 71023 47069 63385 57304 20449 57004 49206 39604 3605 11576 7356 63611 54687 74649 89689
9863 18
44175 4296 61288 21622 49458 5681 37999 51019 13687 19321 54906 66438 92764 45952 64221 44851 87376 37145
9862 10
28365 1559 25300 11419 96593 73623 48445 17807 74405 55292
9861 17
22986 41947 73315 31736 48795 781 21458 91812 39962 35112 67306 96143 27791 48099 57890 16663 83404
9860 15
40996 82718 52881 32327 69411 40664 92784 92745 38456 73220 54149 87691 92984 63199 89783
9859 13
80912 32797 63036 87235 78722 16269 42500 72177 192 39410 35233 38544 50274
9858 13
19044 21636 30225 22104 82582 61711 45325 63971 56789 18419 60637 51796 60372
9857 12
6287 24354 45211 99286 58109 66318 51981 47428 93616 67060 50140 77441
9856 12
90350 33551 35619 41517 45339 39919 13722 29506 70510 11485 69599 66644
9855 19
51479 56073 31629 64392 69233 45533 89198 21342 60258 24583 2999 14014 55738 74200 83257 18568 84226 94033 34698
9854 14
84044 65292 27114 37262 36474 68112 23803 13134 34180 86727 35927 75673 96724 17155
9853 11
16240 20331 38956 19703 26022 21719 8873 31917 70442 21740 57591
9852 17
14664 47385 49328 76378 22245 43624 87708 65136 77919 43809 17676 43414 24273 2901 42466 6912 52206
9851 18
42771 59557 69980 49534 56519 3380 70436 41277 9592 17211 89482 12343 73101 87011 46002 56173 83685 99196
9850 10
92769 48557 38706 94545 37533 51073 334 40658 49905 85252
9849 9
746 35489 22083 60399 67695 76062 76717 63262 30718
9848 10
31778 25141 87308 50894 19154 78222 50014 59308 38687 66696
9847 19
98774 49572 53569 34886 90236 76930 11764 67470 42249 40102 25360 96190 85170 86436 83562 51583 81346 37905 83320
9846 10
44845 4357 29434 14282 39083 20822 50779 54800 20075 53651
9845 18
86225 61588 25038 78681 62036 29405 76611 29601 916 75901 59022 17059 39398 18881 13994 43106 13667 17412
9844 10
91082 1386 80143 18721 74713 76632 20201 69948 66674 12985
9843 14
17085 98959 37139 85363 99251 79047 48788 3180 38990 29179 8446 13038 61546 51111
9842 14
76781 58365 11049 77661 38843 63452 54736 66410 70352 46210 29122 21875 75365 96395
9841 18
77965 58415 75796 16110 48675 28001 75549 22309 90202 30109 87567 97431 16734 75825 43848 19142 96652 96518
9840 10
53882 38435 44033 84956 956 84012 74715 40557 97955 6114
9839 11
13529 34327 42612 12122 16047 95231 55567 43447 68633 28221 12620
9838 16
59402 27486 33755 90184 37578 94437 14368 56015 11318 13322 82138 2041 7443 99865 7403 78888
9837 15
42122 85264 7111 67611 68610 59260 6324 1223 11881 33788 63596 44252 55380 46633 15461
9836 19
32046 64956 85288 63244 86374 15151 79991 34747 84746 49563 32683 72558 10156 93608 78858 65991 37094 54368 92220
9835 18
99419 72948 11209 30494 20168 93928 29292 68441 91263 89911 19439 99155 70311 26071 8440 57544 36816 46300
9834 17
65617 99321 41535 71188 53139 25560 78373 45350 70480 88607 83856 24797 42574 16755 94848 68786 13654
9833 10
33929 69354 63306 74124 29207 13060 60218 74638 4580 14706
9832 10
20405 1785 30669 12505 83287 21076 10528 89715 9227 55459
9831 11
93947 66978 94881 65758 56701 94379 21575 57943 18882 1355 13103
9830 9
91697 79546 49605 53964 36465 93878 16559 5993 43857
9829 18
88487 56041 67231 83501 32779 47315 11205 20136 70861 51779 1070 97558 47730 3990 77453 75869 86822 21391
9828 16
24060 72892 16857 87393 48580 53823 80311 79444 37530 35386 6880 56591 98329 10767 86785 42240
9827 17
45735 4113 40999 84263 81476 7260 74318 93199 31392 87201 46562 20602 58578 23658 15165 15530 22757
9826 9
1752 88395 12675 77445 54066 32490 64610 11208 83224
9825 13
91004 88978 84101 10778 80134 41850 78362 2204 51662 53762 28843 22302 72658
9824 9
90862 98153 98422 43651 15896 16142 23036 65308 57414
9823 15
46126 23198 59487 73443 28275 96311 13819 42905 17293 41591 69755 32545 5814 46625 68382
9822 15
77581 33601 99995 15665 6489 80800 63649 6557 99677 17524 73474 46839 78886 23017 64185
9821 19
91297 39547 21714 98068 95071 81806 56717 93674 58818 77756 59651 63208 32324 50004 63571 78544 13743 47720 53120
9820 11
54582 16824 99582 49293 82731 79233 68654 84909 85712 49049 85206
9819 18
51889 74238 7682 39433 60785 69244 47311 5316 85430 89719 42238 62939 67391 2436 61198 95822 24020 83450
9818 17
76995 63453 11019 69700 37040 38040 60314 27204 56045 91995 22403 40418 47713 84940 76990 45527 93913
9817 19
79948 16753 19315 82066 60663 14027 97722 12825 65590 85719 68378 40632 38749 52179 25197 91642 77427 84904 36123
9816 12
18966 32860 85188 7367 8065 35174 58457 47766 6690 20765 52723 31683
9815 9
4291 3852 51921 68701 34294 52955 19606 71335 3570
